[28-08-2025 02:54:44] INFO: [User: anonymous] ← 304 GET /api-docs/ | 12.09 ms from ::1
[28-08-2025 02:54:44] INFO: [User: anonymous] ← 304 GET /api-docs/swagger-ui.css | 7.51 ms from ::1
[28-08-2025 02:54:44] INFO: [User: anonymous] ← 304 GET /api-docs/swagger-ui-bundle.js | 9.87 ms from ::1
[28-08-2025 02:54:44] INFO: [User: anonymous] ← 304 GET /api-docs/swagger-ui-standalone-preset.js | 4.62 ms from ::1
[28-08-2025 02:54:44] INFO: [User: anonymous] ← 200 GET /api-docs/swagger-ui-init.js | 4.32 ms from ::1
[28-08-2025 02:55:39] INFO: [User: anonymous] ← 304 GET /api-docs/ | 10.78 ms from ::1
[28-08-2025 02:55:39] INFO: [User: anonymous] ← 200 GET /api-docs/swagger-ui-init.js | 1.95 ms from ::1
[28-08-2025 02:55:39] INFO: [User: anonymous] ← 304 GET /api-docs/swagger-ui.css | 8.96 ms from ::1
[28-08-2025 02:55:39] INFO: [User: anonymous] ← 304 GET /api-docs/swagger-ui-bundle.js | 9.22 ms from ::1
[28-08-2025 02:55:39] INFO: [User: anonymous] ← 304 GET /api-docs/swagger-ui-standalone-preset.js | 9.03 ms from ::1
[28-08-2025 02:55:39] INFO: [User: anonymous] ← 304 GET /api-docs/favicon-32x32.png | 3.03 ms from ::1
[28-08-2025 03:11:37] INFO: [User: anonymous] ← 304 GET /api-docs/ | 12.73 ms from ::1
[28-08-2025 03:11:37] INFO: [User: anonymous] ← 200 GET /api-docs/swagger-ui-init.js | 1.97 ms from ::1
[28-08-2025 03:11:37] INFO: [User: anonymous] ← 304 GET /api-docs/swagger-ui.css | 8.98 ms from ::1
[28-08-2025 03:11:37] INFO: [User: anonymous] ← 304 GET /api-docs/swagger-ui-bundle.js | 9.15 ms from ::1
[28-08-2025 03:11:37] INFO: [User: anonymous] ← 304 GET /api-docs/swagger-ui-standalone-preset.js | 9.01 ms from ::1
[28-08-2025 03:11:37] INFO: [User: anonymous] ← 304 GET /api-docs/favicon-32x32.png | 1.88 ms from ::1
[28-08-2025 03:12:49] INFO: [User: anonymous] ← 304 GET /api-docs/ | 10.31 ms from ::1
[28-08-2025 03:12:49] INFO: [User: anonymous] ← 304 GET /api-docs/swagger-ui.css | 4.41 ms from ::1
[28-08-2025 03:12:49] INFO: [User: anonymous] ← 304 GET /api-docs/swagger-ui-bundle.js | 3.86 ms from ::1
[28-08-2025 03:12:49] INFO: [User: anonymous] ← 304 GET /api-docs/swagger-ui-standalone-preset.js | 3.10 ms from ::1
[28-08-2025 03:12:49] INFO: [User: anonymous] ← 200 GET /api-docs/swagger-ui-init.js | 3.98 ms from ::1
[28-08-2025 13:36:41] WARN: [User: anonymous] ← 404 GET /login | 7.84 ms from ::1
[28-08-2025 13:36:50] WARN: [User: anonymous] ← 404 GET /login | 2.27 ms from ::1
[28-08-2025 13:37:26] WARN: [User: anonymous] ← 404 GET /login | 1.52 ms from ::1
[28-08-2025 13:37:29] WARN: [User: anonymous] ← 404 GET / | 1.60 ms from ::1
[28-08-2025 13:37:30] INFO: [User: anonymous] ← 304 GET /api-docs/ | 4.65 ms from ::1
[28-08-2025 13:37:31] INFO: [User: anonymous] ← 304 GET /api-docs/swagger-ui.css | 5.10 ms from ::1
[28-08-2025 13:37:31] INFO: [User: anonymous] ← 304 GET /api-docs/swagger-ui-bundle.js | 4.00 ms from ::1
[28-08-2025 13:37:31] INFO: [User: anonymous] ← 304 GET /api-docs/swagger-ui-init.js | 1.59 ms from ::1
[28-08-2025 13:37:31] INFO: [User: anonymous] ← 304 GET /api-docs/swagger-ui-standalone-preset.js | 5.40 ms from ::1
[28-08-2025 13:42:35] INFO: [User: anonymous] ← 200 POST /api/test/encrypt | 970.13 ms from ::1
[28-08-2025 13:42:41] INFO: [User: anonymous] ← 200 POST /api/test/encrypt | 993.32 ms from ::1
[28-08-2025 13:49:10] INFO: [User: anonymous] ← 304 GET /api-docs/ | 1.82 ms from ::1
[28-08-2025 13:49:10] INFO: [User: anonymous] ← 304 GET /api-docs/swagger-ui.css | 3.95 ms from ::1
[28-08-2025 13:49:10] INFO: [User: anonymous] ← 304 GET /api-docs/swagger-ui-bundle.js | 5.27 ms from ::1
[28-08-2025 13:49:10] INFO: [User: anonymous] ← 304 GET /api-docs/swagger-ui-standalone-preset.js | 6.42 ms from ::1
[28-08-2025 13:49:10] INFO: [User: anonymous] ← 304 GET /api-docs/swagger-ui-init.js | 3.10 ms from ::1
[28-08-2025 18:20:13] INFO: [User: anonymous] ← 204 OPTIONS /api/login | 1.36 ms from ::1
[28-08-2025 18:20:13] WARN: [User: anonymous] ← 401 POST /api/login | 128.02 ms from ::1
[28-08-2025 18:21:14] INFO: [User: anonymous] ← 304 GET /api-docs/ | 13.12 ms from ::1
[28-08-2025 18:21:14] INFO: [User: anonymous] ← 304 GET /api-docs/swagger-ui.css | 4.35 ms from ::1
[28-08-2025 18:21:14] INFO: [User: anonymous] ← 304 GET /api-docs/swagger-ui-bundle.js | 3.39 ms from ::1
[28-08-2025 18:21:14] INFO: [User: anonymous] ← 304 GET /api-docs/swagger-ui-standalone-preset.js | 3.53 ms from ::1
[28-08-2025 18:21:14] INFO: [User: anonymous] ← 304 GET /api-docs/swagger-ui-init.js | 3.60 ms from ::1
[28-08-2025 18:21:29] INFO: [User: anonymous] ← 200 POST /api/test/encrypt | 974.80 ms from ::1
[28-08-2025 18:21:52] INFO: [User: anonymous] ← 200 POST /api/test/decrypt | 984.14 ms from ::1
[28-08-2025 18:24:10] WARN: [User: anonymous] ← 404 POST /api/login/website | 8.34 ms from ::1
[28-08-2025 18:24:28] WARN: [User: anonymous] ← 404 POST /api/login/website | 16.31 ms from ::1
[28-08-2025 18:26:34] INFO: [User: anonymous] ← 304 GET /api-docs/ | 13.43 ms from ::1
[28-08-2025 18:26:34] INFO: [User: anonymous] ← 304 GET /api-docs/swagger-ui.css | 4.15 ms from ::1
[28-08-2025 18:26:34] INFO: [User: anonymous] ← 304 GET /api-docs/swagger-ui-bundle.js | 3.17 ms from ::1
[28-08-2025 18:26:34] INFO: [User: anonymous] ← 304 GET /api-docs/swagger-ui-standalone-preset.js | 3.10 ms from ::1
[28-08-2025 18:26:34] INFO: [User: anonymous] ← 200 GET /api-docs/swagger-ui-init.js | 2.54 ms from ::1
[28-08-2025 18:26:40] WARN: [User: anonymous] ← 401 POST /api/login | 80.97 ms from ::1
[28-08-2025 18:26:49] INFO: [User: anonymous] ← 200 POST /api/login | 980.93 ms from ::1
[28-08-2025 18:29:35] INFO: [User: anonymous] ← 304 GET /api-docs/ | 2.50 ms from ::1
[28-08-2025 18:29:35] INFO: [User: anonymous] ← 304 GET /api-docs/swagger-ui.css | 2.22 ms from ::1
[28-08-2025 18:29:35] INFO: [User: anonymous] ← 304 GET /api-docs/swagger-ui-bundle.js | 8.28 ms from ::1
[28-08-2025 18:29:35] INFO: [User: anonymous] ← 304 GET /api-docs/swagger-ui-standalone-preset.js | 3.59 ms from ::1
[28-08-2025 18:29:35] INFO: [User: anonymous] ← 304 GET /api-docs/swagger-ui-init.js | 3.58 ms from ::1
[28-08-2025 18:30:12] INFO: [User: anonymous] ← 204 OPTIONS /api/login | 3.09 ms from ::1
[28-08-2025 18:30:13] WARN: [SLOW] [User: anonymous] ← 200 POST /api/login | 1078.27 ms from ::1
[28-08-2025 18:30:13] INFO: [User: anonymous] ← 200 POST /api/login | 1078.27 ms from ::1
[28-08-2025 18:30:13] INFO: [User: anonymous] ← 204 OPTIONS /api/verifyToken | 4.26 ms from ::1
[28-08-2025 18:30:13] INFO: [User: anonymous] ← 200 POST /api/verifyToken | 8.06 ms from ::1
[28-08-2025 18:30:13] INFO: [User: anonymous] ← 204 OPTIONS /api/verifyToken | 3.47 ms from ::1
[28-08-2025 18:30:13] INFO: [User: anonymous] ← 200 POST /api/verifyToken | 3.62 ms from ::1
[28-08-2025 18:32:57] INFO: [User: anonymous] ← 200 POST /api/verifyToken | 3.64 ms from ::1
[28-08-2025 19:01:49] INFO: [User: anonymous] ← 304 GET /api-docs/ | 13.99 ms from ::1
[28-08-2025 19:01:49] INFO: [User: anonymous] ← 304 GET /api-docs/swagger-ui.css | 4.27 ms from ::1
[28-08-2025 19:01:49] INFO: [User: anonymous] ← 304 GET /api-docs/swagger-ui-bundle.js | 3.19 ms from ::1
[28-08-2025 19:01:49] INFO: [User: anonymous] ← 304 GET /api-docs/swagger-ui-standalone-preset.js | 2.84 ms from ::1
[28-08-2025 19:01:49] INFO: [User: anonymous] ← 200 GET /api-docs/swagger-ui-init.js | 2.47 ms from ::1
[28-08-2025 19:01:54] INFO: [User: anonymous] ← 200 GET /api/profile/get | 94.61 ms from ::1
[28-08-2025 19:02:07] INFO: [User: anonymous] ← 200 POST /api/logout | 3.35 ms from ::1
[28-08-2025 19:02:25] WARN: [SLOW] [User: anonymous] ← 200 POST /api/login | 1074.84 ms from ::1
[28-08-2025 19:02:25] INFO: [User: anonymous] ← 200 POST /api/login | 1074.84 ms from ::1
[28-08-2025 19:02:30] INFO: [User: anonymous] ← 200 GET /api/profile/get | 19.31 ms from ::1
[28-08-2025 19:05:13] INFO: [User: anonymous] ← 204 OPTIONS /api/login | 1.26 ms from ::1
[28-08-2025 19:05:14] WARN: [SLOW] [User: anonymous] ← 200 POST /api/login | 1035.70 ms from ::1
[28-08-2025 19:05:14] INFO: [User: anonymous] ← 200 POST /api/login | 1035.70 ms from ::1
[28-08-2025 19:05:14] INFO: [User: anonymous] ← 204 OPTIONS /api/verifyToken | 1.76 ms from ::1
[28-08-2025 19:05:14] INFO: [User: anonymous] ← 200 POST /api/verifyToken | 14.66 ms from ::1
[28-08-2025 19:05:14] INFO: [User: anonymous] ← 200 POST /api/verifyToken | 11.01 ms from ::1
[28-08-2025 19:08:15] INFO: [User: anonymous] ← 204 OPTIONS /api/login | 1.42 ms from ::1
[28-08-2025 19:08:16] WARN: [SLOW] [User: anonymous] ← 200 POST /api/login | 1057.98 ms from ::1
[28-08-2025 19:08:16] INFO: [User: anonymous] ← 200 POST /api/login | 1057.98 ms from ::1
[28-08-2025 19:08:16] INFO: [User: anonymous] ← 204 OPTIONS /api/verifyToken | 2.48 ms from ::1
[28-08-2025 19:08:16] INFO: [User: anonymous] ← 204 OPTIONS /api/verifyToken | 1.79 ms from ::1
[28-08-2025 19:08:16] INFO: [User: anonymous] ← 200 POST /api/verifyToken | 11.79 ms from ::1
[28-08-2025 19:08:16] INFO: [User: anonymous] ← 200 POST /api/verifyToken | 8.72 ms from ::1
[28-08-2025 19:08:16] INFO: [User: anonymous] ← 200 GET /api/profile/get | 14.75 ms from ::1
[28-08-2025 19:08:16] INFO: [User: anonymous] ← 304 GET /api/profile/get | 12.57 ms from ::1
[28-08-2025 19:10:57] INFO: [User: anonymous] ← 204 OPTIONS /api/login | 1.57 ms from ::1
[28-08-2025 19:10:58] WARN: [SLOW] [User: anonymous] ← 200 POST /api/login | 1063.29 ms from ::1
[28-08-2025 19:10:58] INFO: [User: anonymous] ← 200 POST /api/login | 1063.29 ms from ::1
[28-08-2025 19:10:59] INFO: [User: anonymous] ← 204 OPTIONS /api/verifyToken | 1.99 ms from ::1
[28-08-2025 19:10:59] INFO: [User: anonymous] ← 200 POST /api/verifyToken | 3.44 ms from ::1
[28-08-2025 19:10:59] INFO: [User: anonymous] ← 200 POST /api/verifyToken | 13.47 ms from ::1
[28-08-2025 19:10:59] INFO: [User: anonymous] ← 304 GET /api/profile/get | 19.35 ms from ::1
[28-08-2025 19:10:59] INFO: [User: anonymous] ← 304 GET /api/profile/get | 13.31 ms from ::1
[28-08-2025 19:42:12] INFO: [User: anonymous] ← 204 OPTIONS /api/logout | 1.45 ms from ::1
[28-08-2025 19:42:12] INFO: [User: anonymous] ← 200 POST /api/logout | 1.73 ms from ::1
[28-08-2025 19:42:19] INFO: [User: anonymous] ← 204 OPTIONS /api/login | 2.10 ms from ::1
[28-08-2025 19:42:19] ERROR: [User: anonymous] ← 500 POST /api/login | 9.47 ms from ::1
[28-08-2025 19:42:23] WARN: [SLOW] [User: anonymous] ← 200 POST /api/login | 1063.34 ms from ::1
[28-08-2025 19:42:23] INFO: [User: anonymous] ← 200 POST /api/login | 1063.34 ms from ::1
[28-08-2025 19:42:23] INFO: [User: anonymous] ← 204 OPTIONS /api/verifyToken | 5.72 ms from ::1
[28-08-2025 19:42:23] INFO: [User: anonymous] ← 200 POST /api/verifyToken | 4.33 ms from ::1
[28-08-2025 19:42:23] INFO: [User: anonymous] ← 204 OPTIONS /api/verifyToken | 3.07 ms from ::1
[28-08-2025 19:42:23] INFO: [User: anonymous] ← 200 POST /api/verifyToken | 4.07 ms from ::1
[28-08-2025 19:42:23] INFO: [User: anonymous] ← 304 GET /api/profile/get | 11.51 ms from ::1
[28-08-2025 19:42:23] INFO: [User: anonymous] ← 304 GET /api/profile/get | 11.90 ms from ::1
[28-08-2025 19:44:12] INFO: [User: anonymous] ← 204 OPTIONS /api/logout | 1.10 ms from ::1
[28-08-2025 19:44:12] INFO: [User: anonymous] ← 200 POST /api/logout | 1.24 ms from ::1
[28-08-2025 19:44:23] INFO: [User: anonymous] ← 204 OPTIONS /api/login | 1.08 ms from ::1
[28-08-2025 19:44:24] INFO: [User: anonymous] ← 200 POST /api/login | 990.66 ms from ::1
[28-08-2025 19:44:24] INFO: [User: anonymous] ← 204 OPTIONS /api/verifyToken | 0.87 ms from ::1
[28-08-2025 19:44:24] INFO: [User: anonymous] ← 200 POST /api/verifyToken | 3.20 ms from ::1
[28-08-2025 19:44:24] INFO: [User: anonymous] ← 200 POST /api/verifyToken | 4.79 ms from ::1
[28-08-2025 19:44:24] INFO: [User: anonymous] ← 200 GET /api/profile/get | 12.24 ms from ::1
[28-08-2025 19:44:24] INFO: [User: anonymous] ← 304 GET /api/profile/get | 10.84 ms from ::1
[28-08-2025 19:44:32] INFO: [User: anonymous] ← 204 OPTIONS /api/logout | 0.92 ms from ::1
[28-08-2025 19:44:32] INFO: [User: anonymous] ← 200 POST /api/logout | 1.11 ms from ::1
[28-08-2025 19:44:50] INFO: [User: anonymous] ← 204 OPTIONS /api/login | 1.20 ms from ::1
[28-08-2025 19:44:51] INFO: [User: anonymous] ← 200 POST /api/login | 990.01 ms from ::1
[28-08-2025 19:44:52] INFO: [User: anonymous] ← 204 OPTIONS /api/verifyToken | 1.27 ms from ::1
[28-08-2025 19:44:52] INFO: [User: anonymous] ← 204 OPTIONS /api/verifyToken | 1.33 ms from ::1
[28-08-2025 19:44:52] INFO: [User: anonymous] ← 200 POST /api/verifyToken | 6.59 ms from ::1
[28-08-2025 19:44:52] INFO: [User: anonymous] ← 200 POST /api/verifyToken | 4.17 ms from ::1
[28-08-2025 19:44:52] INFO: [User: anonymous] ← 200 GET /api/profile/get | 14.03 ms from ::1
[28-08-2025 19:44:52] INFO: [User: anonymous] ← 304 GET /api/profile/get | 12.62 ms from ::1
[28-08-2025 19:45:08] INFO: [User: anonymous] ← 204 OPTIONS /api/logout | 1.12 ms from ::1
[28-08-2025 19:45:08] INFO: [User: anonymous] ← 200 POST /api/logout | 1.18 ms from ::1
[28-08-2025 20:38:52] INFO: [User: anonymous] ← 204 OPTIONS /api/login | 1.81 ms from ::1
[28-08-2025 20:38:52] ERROR: [User: anonymous] ← 500 POST /api/login | 10.00 ms from ::1
[28-08-2025 20:38:55] WARN: [SLOW] [User: anonymous] ← 200 POST /api/login | 1129.97 ms from ::1
[28-08-2025 20:38:55] INFO: [User: anonymous] ← 200 POST /api/login | 1129.97 ms from ::1
[28-08-2025 20:38:55] INFO: [User: anonymous] ← 204 OPTIONS /api/verifyToken | 2.88 ms from ::1
[28-08-2025 20:38:55] INFO: [User: anonymous] ← 204 OPTIONS /api/verifyToken | 1.71 ms from ::1
[28-08-2025 20:38:55] INFO: [User: anonymous] ← 200 POST /api/verifyToken | 2.67 ms from ::1
[28-08-2025 20:38:55] INFO: [User: anonymous] ← 200 POST /api/verifyToken | 4.05 ms from ::1
[28-08-2025 20:38:55] INFO: [User: anonymous] ← 200 GET /api/profile/get | 12.13 ms from ::1
[28-08-2025 20:38:55] INFO: [User: anonymous] ← 304 GET /api/profile/get | 12.63 ms from ::1
[28-08-2025 20:54:42] INFO: [User: anonymous] ← 204 OPTIONS /api/logout | 1.89 ms from ::1
[28-08-2025 20:54:42] INFO: [User: anonymous] ← 200 POST /api/logout | 2.59 ms from ::1
[28-08-2025 20:54:51] INFO: [User: anonymous] ← 204 OPTIONS /api/login | 1.24 ms from ::1
[28-08-2025 20:54:51] ERROR: [User: anonymous] ← 500 POST /api/login | 9.60 ms from ::1
[28-08-2025 20:54:54] WARN: [SLOW] [User: anonymous] ← 200 POST /api/login | 1081.50 ms from ::1
[28-08-2025 20:54:54] INFO: [User: anonymous] ← 200 POST /api/login | 1081.50 ms from ::1
[28-08-2025 20:54:54] INFO: [User: anonymous] ← 204 OPTIONS /api/verifyToken | 0.96 ms from ::1
[28-08-2025 20:54:54] INFO: [User: anonymous] ← 200 POST /api/verifyToken | 5.75 ms from ::1
[28-08-2025 20:54:54] INFO: [User: anonymous] ← 200 POST /api/verifyToken | 3.15 ms from ::1
[28-08-2025 20:54:54] INFO: [User: anonymous] ← 200 GET /api/profile/get | 13.43 ms from ::1
[28-08-2025 20:54:54] INFO: [User: anonymous] ← 304 GET /api/profile/get | 11.65 ms from ::1
[28-08-2025 20:55:13] INFO: [User: anonymous] ← 204 OPTIONS /api/logout | 0.96 ms from ::1
[28-08-2025 20:55:13] INFO: [User: anonymous] ← 200 POST /api/logout | 1.00 ms from ::1
[28-08-2025 20:55:28] INFO: [User: anonymous] ← 204 OPTIONS /api/login | 1.00 ms from ::1
[28-08-2025 20:55:29] INFO: [User: anonymous] ← 200 POST /api/login | 980.64 ms from ::1
[28-08-2025 20:55:30] INFO: [User: anonymous] ← 204 OPTIONS /api/verifyToken | 2.18 ms from ::1
[28-08-2025 20:55:30] INFO: [User: anonymous] ← 200 POST /api/verifyToken | 4.28 ms from ::1
[28-08-2025 20:55:30] INFO: [User: anonymous] ← 200 POST /api/verifyToken | 6.62 ms from ::1
[28-08-2025 20:55:30] INFO: [User: anonymous] ← 200 GET /api/profile/get | 11.56 ms from ::1
[28-08-2025 20:55:30] INFO: [User: anonymous] ← 304 GET /api/profile/get | 11.75 ms from ::1
[28-08-2025 21:01:03] INFO: [User: anonymous] ← 204 OPTIONS /api/logout | 1.47 ms from ::1
[28-08-2025 21:01:03] INFO: [User: anonymous] ← 200 POST /api/logout | 1.52 ms from ::1
[28-08-2025 21:01:12] INFO: [User: anonymous] ← 204 OPTIONS /api/login | 1.77 ms from ::1
[28-08-2025 21:01:12] ERROR: [User: anonymous] ← 500 POST /api/login | 7.78 ms from ::1
[28-08-2025 21:01:15] WARN: [SLOW] [User: anonymous] ← 200 POST /api/login | 1119.73 ms from ::1
[28-08-2025 21:01:15] INFO: [User: anonymous] ← 200 POST /api/login | 1119.73 ms from ::1
[28-08-2025 21:01:15] INFO: [User: anonymous] ← 204 OPTIONS /api/verifyToken | 6.24 ms from ::1
[28-08-2025 21:01:15] INFO: [User: anonymous] ← 200 POST /api/verifyToken | 14.81 ms from ::1
[28-08-2025 21:01:15] INFO: [User: anonymous] ← 204 OPTIONS /api/verifyToken | 11.92 ms from ::1
[28-08-2025 21:01:15] INFO: [User: anonymous] ← 200 POST /api/verifyToken | 5.45 ms from ::1
[28-08-2025 21:01:15] INFO: [User: anonymous] ← 200 GET /api/profile/get | 15.51 ms from ::1
[28-08-2025 21:01:15] INFO: [User: anonymous] ← 304 GET /api/profile/get | 13.42 ms from ::1
[28-08-2025 21:12:33] INFO: [User: anonymous] ← 204 OPTIONS /api/logout | 1.42 ms from ::1
[28-08-2025 21:12:33] INFO: [User: anonymous] ← 200 POST /api/logout | 1.61 ms from ::1
[28-08-2025 21:12:43] INFO: [User: anonymous] ← 204 OPTIONS /api/login | 1.33 ms from ::1
[28-08-2025 21:12:43] ERROR: [User: anonymous] ← 500 POST /api/login | 8.24 ms from ::1
[28-08-2025 21:12:46] WARN: [SLOW] [User: anonymous] ← 200 POST /api/login | 1265.24 ms from ::1
[28-08-2025 21:12:46] INFO: [User: anonymous] ← 200 POST /api/login | 1265.24 ms from ::1
[28-08-2025 21:12:47] INFO: [User: anonymous] ← 204 OPTIONS /api/verifyToken | 0.98 ms from ::1
[28-08-2025 21:12:47] INFO: [User: anonymous] ← 200 POST /api/verifyToken | 2.82 ms from ::1
[28-08-2025 21:12:47] INFO: [User: anonymous] ← 204 OPTIONS /api/verifyToken | 3.84 ms from ::1
[28-08-2025 21:12:47] INFO: [User: anonymous] ← 200 POST /api/verifyToken | 4.29 ms from ::1
[28-08-2025 21:12:47] INFO: [User: anonymous] ← 200 GET /api/profile/get | 37.32 ms from ::1
[28-08-2025 21:12:47] INFO: [User: anonymous] ← 304 GET /api/profile/get | 37.09 ms from ::1
[28-08-2025 21:19:30] INFO: [User: anonymous] ← 204 OPTIONS /api/logout | 1.12 ms from ::1
[28-08-2025 21:19:30] INFO: [User: anonymous] ← 200 POST /api/logout | 1.13 ms from ::1
[28-08-2025 21:58:14] INFO: [User: anonymous] ← 204 OPTIONS /api/register/patient | 1.27 ms from ::1
[28-08-2025 21:58:14] WARN: [User: anonymous] ← 400 POST /api/register/patient | 4.58 ms from ::1
[28-08-2025 21:58:19] WARN: [User: anonymous] ← 404 GET /api/register/patient | 3.60 ms from ::1
[28-08-2025 21:59:28] INFO: [User: anonymous] ← 204 OPTIONS /api/register/patient | 1.18 ms from ::1
[28-08-2025 21:59:28] WARN: [User: anonymous] ← 400 POST /api/register/patient | 1.98 ms from ::1
[28-08-2025 22:01:22] INFO: [User: anonymous] ← 204 OPTIONS /api/register/patient | 1.57 ms from ::1
[28-08-2025 22:01:22] WARN: [User: anonymous] ← 400 POST /api/register/patient | 1.66 ms from ::1
[28-08-2025 22:01:50] INFO: [User: anonymous] ← 204 OPTIONS /api/register/patient | 1.48 ms from ::1
[28-08-2025 22:01:50] WARN: [User: anonymous] ← 400 POST /api/register/patient | 1.66 ms from ::1
[28-08-2025 22:04:29] INFO: [User: anonymous] ← 204 OPTIONS /api/register/patient | 1.08 ms from ::1
[28-08-2025 22:04:30] ERROR: [User: anonymous] ← 500 POST /api/register/patient | 956.87 ms from ::1
[28-08-2025 22:08:19] INFO: [User: anonymous] ← 204 OPTIONS /api/register/patient | 8.74 ms from ::1
[28-08-2025 22:08:20] WARN: [SLOW] [User: anonymous] ← 201 POST /api/register/patient | 1450.83 ms from ::1
[28-08-2025 22:08:20] INFO: [User: anonymous] ← 201 POST /api/register/patient | 1450.83 ms from ::1
[28-08-2025 22:08:41] INFO: [User: anonymous] ← 204 OPTIONS /api/login | 2.43 ms from ::1
[28-08-2025 22:08:41] WARN: [User: anonymous] ← 401 POST /api/login | 37.59 ms from ::1
[28-08-2025 22:08:44] WARN: [User: anonymous] ← 401 POST /api/login | 35.00 ms from ::1
[28-08-2025 22:08:49] INFO: [User: anonymous] ← 204 OPTIONS /api/login | 1.19 ms from ::1
[28-08-2025 22:08:50] WARN: [SLOW] [User: anonymous] ← 200 POST /api/login | 1038.44 ms from ::1
[28-08-2025 22:08:50] INFO: [User: anonymous] ← 200 POST /api/login | 1038.44 ms from ::1
[28-08-2025 22:08:50] INFO: [User: anonymous] ← 204 OPTIONS /api/verifyToken | 1.56 ms from ::1
[28-08-2025 22:08:50] INFO: [User: anonymous] ← 200 POST /api/verifyToken | 8.87 ms from ::1
[28-08-2025 22:08:50] INFO: [User: anonymous] ← 204 OPTIONS /api/verifyToken | 2.97 ms from ::1
[28-08-2025 22:08:50] INFO: [User: anonymous] ← 200 POST /api/verifyToken | 4.13 ms from ::1
[28-08-2025 22:08:50] INFO: [User: anonymous] ← 200 GET /api/profile/get | 37.63 ms from ::1
[28-08-2025 22:08:50] INFO: [User: anonymous] ← 304 GET /api/profile/get | 35.74 ms from ::1
[28-08-2025 22:08:57] INFO: [User: anonymous] ← 204 OPTIONS /api/logout | 1.06 ms from ::1
[28-08-2025 22:08:57] INFO: [User: anonymous] ← 200 POST /api/logout | 1.88 ms from ::1
